# JRE version: Java(TM) SE Runtime Environment (17.0.12+8) (build 17.0.12+8-LTS-286)
# Java VM: Java HotSpot(TM) 64-Bit Server VM (17.0.12+8-LTS-286, mixed mode, sharing, tiered, compressed oops, compressed class ptrs, g1 gc, windows-amd64)
GC Precious Log:
 CPUs: 4 total, 4 available
 Memory: 3530M
 Large Page Support: Disabled
 NUMA Support: Disabled
 Compressed Oops: Enabled (32-bit)
 Heap Region Size: 1M
 Heap Min Capacity: 8M
 Heap Initial Capacity: 56M
 Heap Max Capacity: 2G
 Pre-touch: Disabled
 Parallel Workers: 4
 Concurrent Workers: 1
 Concurrent Refinement Workers: 4
 Periodic GC: Disabled
Heap:
 garbage-first heap   total 285696K, used 169925K [0x0000000080000000, 0x0000000100000000)
  region size 1024K, 11 young (11264K), 11 survivors (11264K)
 Metaspace       used 104287K, committed 105344K, reserved 557056K
  class space    used 14558K, committed 15040K, reserved 425984K
GC Heap History (20 events):
Event: 48.933 GC heap after
{Heap after GC invocations=59 (full 0):
 garbage-first heap   total 235520K, used 114291K [0x0000000080000000, 0x0000000100000000)
  region size 1024K, 8 young (8192K), 8 survivors (8192K)
 Metaspace       used 96849K, committed 97856K, reserved 557056K
  class space    used 13530K, committed 14016K, reserved 425984K
}
Event: 50.852 GC heap before
{Heap before GC invocations=59 (full 0):
 garbage-first heap   total 235520K, used 147059K [0x0000000080000000, 0x0000000100000000)
  region size 1024K, 41 young (41984K), 8 survivors (8192K)
 Metaspace       used 98815K, committed 99776K, reserved 557056K
  class space    used 13817K, committed 14272K, reserved 425984K
}
Event: 50.898 GC heap after
{Heap after GC invocations=60 (full 0):
 garbage-first heap   total 235520K, used 116302K [0x0000000080000000, 0x0000000100000000)
  region size 1024K, 5 young (5120K), 5 survivors (5120K)
 Metaspace       used 98815K, committed 99776K, reserved 557056K
  class space    used 13817K, committed 14272K, reserved 425984K
}
Event: 54.751 GC heap before
{Heap before GC invocations=61 (full 0):
 garbage-first heap   total 235520K, used 198222K [0x0000000080000000, 0x0000000100000000)
  region size 1024K, 85 young (87040K), 5 survivors (5120K)
 Metaspace       used 101733K, committed 102784K, reserved 557056K
  class space    used 14253K, committed 14720K, reserved 425984K
}
Event: 54.828 GC heap after
{Heap after GC invocations=62 (full 0):
 garbage-first heap   total 282624K, used 125144K [0x0000000080000000, 0x0000000100000000)
  region size 1024K, 11 young (11264K), 11 survivors (11264K)
 Metaspace       used 101733K, committed 102784K, reserved 557056K
  class space    used 14253K, committed 14720K, reserved 425984K
}
Event: 54.901 GC heap before
{Heap before GC invocations=62 (full 0):
 garbage-first heap   total 282624K, used 127192K [0x0000000080000000, 0x0000000100000000)
  region size 1024K, 13 young (13312K), 11 survivors (11264K)
 Metaspace       used 101733K, committed 102784K, reserved 557056K
  class space    used 14253K, committed 14720K, reserved 425984K
}
Event: 54.958 GC heap after
{Heap after GC invocations=63 (full 0):
 garbage-first heap   total 282624K, used 124210K [0x0000000080000000, 0x0000000100000000)
  region size 1024K, 2 young (2048K), 2 survivors (2048K)
 Metaspace       used 101733K, committed 102784K, reserved 557056K
  class space    used 14253K, committed 14720K, reserved 425984K
}
Event: 56.735 GC heap before
{Heap before GC invocations=63 (full 0):
 garbage-first heap   total 282624K, used 225586K [0x0000000080000000, 0x0000000100000000)
  region size 1024K, 101 young (103424K), 2 survivors (2048K)
 Metaspace       used 101743K, committed 102784K, reserved 557056K
  class space    used 14254K, committed 14720K, reserved 425984K
}
Event: 56.759 GC heap after
{Heap after GC invocations=64 (full 0):
 garbage-first heap   total 282624K, used 126918K [0x0000000080000000, 0x0000000100000000)
  region size 1024K, 5 young (5120K), 5 survivors (5120K)
 Metaspace       used 101743K, committed 102784K, reserved 557056K
  class space    used 14254K, committed 14720K, reserved 425984K
}
Event: 59.003 GC heap before
{Heap before GC invocations=65 (full 0):
 garbage-first heap   total 285696K, used 235462K [0x0000000080000000, 0x0000000100000000)
  region size 1024K, 108 young (110592K), 5 survivors (5120K)
 Metaspace       used 102169K, committed 103168K, reserved 557056K
  class space    used 14307K, committed 14784K, reserved 425984K
}
Event: 59.027 GC heap after
{Heap after GC invocations=66 (full 0):
 garbage-first heap   total 285696K, used 141533K [0x0000000080000000, 0x0000000100000000)
  region size 1024K, 14 young (14336K), 14 survivors (14336K)
 Metaspace       used 102169K, committed 103168K, reserved 557056K
  class space    used 14307K, committed 14784K, reserved 425984K
}
Event: 59.033 GC heap before
{Heap before GC invocations=66 (full 0):
 garbage-first heap   total 285696K, used 141533K [0x0000000080000000, 0x0000000100000000)
  region size 1024K, 15 young (15360K), 14 survivors (14336K)
 Metaspace       used 102169K, committed 103168K, reserved 557056K
  class space    used 14307K, committed 14784K, reserved 425984K
}
Event: 59.061 GC heap after
{Heap after GC invocations=67 (full 0):
 garbage-first heap   total 285696K, used 140966K [0x0000000080000000, 0x0000000100000000)
  region size 1024K, 2 young (2048K), 2 survivors (2048K)
 Metaspace       used 102169K, committed 103168K, reserved 557056K
  class space    used 14307K, committed 14784K, reserved 425984K
}
Event: 59.549 GC heap before
{Heap before GC invocations=67 (full 0):
 garbage-first heap   total 285696K, used 230054K [0x0000000080000000, 0x0000000100000000)
  region size 1024K, 89 young (91136K), 2 survivors (2048K)
 Metaspace       used 102173K, committed 103232K, reserved 557056K
  class space    used 14307K, committed 14784K, reserved 425984K
}
Event: 59.556 GC heap after
{Heap after GC invocations=68 (full 0):
 garbage-first heap   total 285696K, used 143451K [0x0000000080000000, 0x0000000100000000)
  region size 1024K, 4 young (4096K), 4 survivors (4096K)
 Metaspace       used 102173K, committed 103232K, reserved 557056K
  class space    used 14307K, committed 14784K, reserved 425984K
}
Event: 61.585 GC heap before
{Heap before GC invocations=68 (full 0):
 garbage-first heap   total 285696K, used 235611K [0x0000000080000000, 0x0000000100000000)
  region size 1024K, 92 young (94208K), 4 survivors (4096K)
 Metaspace       used 102651K, committed 103744K, reserved 557056K
  class space    used 14369K, committed 14848K, reserved 425984K
}
Event: 61.607 GC heap after
{Heap after GC invocations=69 (full 0):
 garbage-first heap   total 285696K, used 156089K [0x0000000080000000, 0x0000000100000000)
  region size 1024K, 12 young (12288K), 12 survivors (12288K)
 Metaspace       used 102651K, committed 103744K, reserved 557056K
  class space    used 14369K, committed 14848K, reserved 425984K
}
Event: 62.521 GC heap before
{Heap before GC invocations=69 (full 0):
 garbage-first heap   total 285696K, used 233913K [0x0000000080000000, 0x0000000100000000)
  region size 1024K, 89 young (91136K), 12 survivors (12288K)
 Metaspace       used 102651K, committed 103744K, reserved 557056K
  class space    used 14369K, committed 14848K, reserved 425984K
}
Event: 62.541 GC heap after
{Heap after GC invocations=70 (full 0):
 garbage-first heap   total 285696K, used 158720K [0x0000000080000000, 0x0000000100000000)
  region size 1024K, 4 young (4096K), 4 survivors (4096K)
 Metaspace       used 102651K, committed 103744K, reserved 557056K
  class space    used 14369K, committed 14848K, reserved 425984K
}
Event: 64.447 GC heap before
{Heap before GC invocations=70 (full 0):
 garbage-first heap   total 285696K, used 240640K [0x0000000080000000, 0x0000000100000000)
  region size 1024K, 81 young (82944K), 4 survivors (4096K)
 Metaspace       used 104287K, committed 105344K, reserved 557056K
  class space    used 14558K, committed 15040K, reserved 425984K
}

